ffprobe started on 2024-11-29 at 20:51:58
Report written to "./logs/ffprobe-20241129-205158.log"
Log level: 48
Command line:
ffprobe -hide_banner -loglevel error -f lavfi "movie=filename=bt601-525_480_interlaced_tff.ts,extractplanes=planes='y',idet=intl_thres=1.04:prog_thres=1.5:rep_thres=3" -show_entries frame -print_format json -o ./logs/bt601-525_480_interlaced_tff.ffprobe.idet.json
'frame' matches section with unique name 'frame'
[file @ 0x11016c7a0] Setting default whitelist 'file,crypto,data'
[AVFilterGraph @ 0x1103888d0] Setting 'filename' to value 'bt601-525_480_interlaced_tff.ts'
[AVFilterGraph @ 0x1103888d0] Setting 'planes' to value 'y'
[AVFilterGraph @ 0x1103888d0] Setting 'intl_thres' to value '1.04'
[AVFilterGraph @ 0x1103888d0] Setting 'prog_thres' to value '1.5'
[AVFilterGraph @ 0x1103888d0] Setting 'rep_thres' to value '3'
detected 8 logical cores
[AVFormatContext @ 0x11039f790] Opening 'bt601-525_480_interlaced_tff.ts' for reading
[file @ 0x11039f690] Setting default whitelist 'file,crypto,data'
[mpegts @ 0x11039f790] Format mpegts probed with size=2048 and score=50
[mpegts @ 0x11039f790] stream=0 stream_type=2 pid=100 prog_reg_desc=
[mpegts @ 0x11039f790] stream=1 stream_type=81 pid=101 prog_reg_desc=
[mpegts @ 0x11039f790] Before avformat_find_stream_info() pos: 0 bytes read:32768 seeks:0 nb_streams:2
Transform tree:
    mdct_inv_float_c - type: mdct_float, len: 128, factors[2]: [2, any], flags: [unaligned, out_of_place, inv_only]
        fft_sr_ns_float_neon - type: fft_float, len: 64, factor: 2, flags: [aligned, inplace, out_of_place, preshuf]
Transform tree:
    mdct_inv_float_c - type: mdct_float, len: 256, factors[2]: [2, any], flags: [unaligned, out_of_place, inv_only]
        fft_sr_ns_float_neon - type: fft_float, len: 128, factor: 2, flags: [aligned, inplace, out_of_place, preshuf]
[mpegts @ 0x11039f790] All programs have pmt, headers found
[mpeg2video @ 0x1103a0320] Format yuv420p chosen by get_format().
[mpegts @ 0x11039f790] All info found
[mpegts @ 0x11039f790] After avformat_find_stream_info() pos: 0 bytes read:512144 seeks:2 frames:41
[Parsed_movie_0 @ 0x11039f150] seek_point:0 format_name:(null) file_name:bt601-525_480_interlaced_tff.ts stream_index:-1
[AVFilterGraph @ 0x1103888d0] query_formats: 4 queried, 9 merged, 0 already done, 0 delayed
[mpeg2video @ 0x1103a0d30] Format yuv420p chosen by get_format().
[Parsed_idet_2 @ 0x11039f3e0] Repeated Field:     neither, Single frame:         tff, Multi frame:         tff
[lavfi @ 0x11039ec70] All info found
Input #0, lavfi, from 'movie=filename=bt601-525_480_interlaced_tff.ts,extractplanes=planes='y',idet=intl_thres=1.04:prog_thres=1.5:rep_thres=3':
  Duration: N/A, start: 1.433367, bitrate: N/A
  Stream #0:0, 1, 1/90000: Video: wrapped_avframe, gray, 720x480 [SAR 1:1 DAR 3:2], 29.97 fps, 29.97 tbr, 90k tbn
Processing read interval id:0 start:N/A end:N/A
[Parsed_idet_2 @ 0x11039f3e0] Repeated Field:     neither, Single frame:         tff, Multi frame:         tff
[Parsed_idet_2 @ 0x11039f3e0] Repeated Field:     neither, Single frame:         tff, Multi frame:         tff
[Parsed_idet_2 @ 0x11039f3e0] Repeated Field:     neither, Single frame:         tff, Multi frame:         tff
[Parsed_idet_2 @ 0x11039f3e0] Repeated Field:     neither, Single frame:         tff, Multi frame:         tff
[Parsed_idet_2 @ 0x11039f3e0] Repeated Field:     neither, Single frame:         tff, Multi frame:         tff
[Parsed_idet_2 @ 0x11039f3e0] Repeated Field:     neither, Single frame:         tff, Multi frame:         tff
[Parsed_idet_2 @ 0x11039f3e0] Repeated Field:     neither, Single frame:         tff, Multi frame:         tff
[Parsed_idet_2 @ 0x11039f3e0] Repeated Field:     neither, Single frame:         tff, Multi frame:         tff
[Parsed_idet_2 @ 0x11039f3e0] Repeated Field:     neither, Single frame:         tff, Multi frame:         tff
[Parsed_idet_2 @ 0x11039f3e0] Repeated Field:     neither, Single frame:         tff, Multi frame:         tff
[Parsed_idet_2 @ 0x11039f3e0] Repeated Field:     neither, Single frame:         tff, Multi frame:         tff
[Parsed_idet_2 @ 0x11039f3e0] Repeated Field:     neither, Single frame:         tff, Multi frame:         tff
[Parsed_idet_2 @ 0x11039f3e0] Repeated Field:     neither, Single frame:         tff, Multi frame:         tff
[Parsed_idet_2 @ 0x11039f3e0] Repeated Field:     neither, Single frame:         tff, Multi frame:         tff
[Parsed_idet_2 @ 0x11039f3e0] Repeated Field:     neither, Single frame:         tff, Multi frame:         tff
[Parsed_idet_2 @ 0x11039f3e0] Repeated Field:     neither, Single frame:         tff, Multi frame:         tff
[Parsed_idet_2 @ 0x11039f3e0] Repeated Field:     neither, Single frame:         tff, Multi frame:         tff
[Parsed_idet_2 @ 0x11039f3e0] Repeated Field:     neither, Single frame:         tff, Multi frame:         tff
[Parsed_idet_2 @ 0x11039f3e0] Repeated Field:     neither, Single frame:         tff, Multi frame:         tff
[Parsed_idet_2 @ 0x11039f3e0] Repeated Field:     neither, Single frame:         tff, Multi frame:         tff
[Parsed_idet_2 @ 0x11039f3e0] Repeated Field:     neither, Single frame:         tff, Multi frame:         tff
[Parsed_idet_2 @ 0x11039f3e0] Repeated Field:     neither, Single frame:         tff, Multi frame:         tff
[Parsed_idet_2 @ 0x11039f3e0] Repeated Field:     neither, Single frame:         tff, Multi frame:         tff
[Parsed_idet_2 @ 0x11039f3e0] Repeated Field:     neither, Single frame:         tff, Multi frame:         tff
[Parsed_idet_2 @ 0x11039f3e0] Repeated Field:     neither, Single frame:         tff, Multi frame:         tff
[Parsed_idet_2 @ 0x11039f3e0] Repeated Field:     neither, Single frame:         tff, Multi frame:         tff
[Parsed_idet_2 @ 0x11039f3e0] Repeated Field:     neither, Single frame:         tff, Multi frame:         tff
[Parsed_idet_2 @ 0x11039f3e0] Repeated Field:     neither, Single frame:         tff, Multi frame:         tff
[Parsed_idet_2 @ 0x11039f3e0] Repeated Field:     neither, Single frame:         tff, Multi frame:         tff
[Parsed_idet_2 @ 0x11039f3e0] Repeated Field:     neither, Single frame:         tff, Multi frame:         tff
[Parsed_idet_2 @ 0x11039f3e0] Repeated Field:     neither, Single frame:         tff, Multi frame:         tff
[Parsed_idet_2 @ 0x11039f3e0] Repeated Field:     neither, Single frame:         tff, Multi frame:         tff
[Parsed_idet_2 @ 0x11039f3e0] Repeated Field:     neither, Single frame:         tff, Multi frame:         tff
[Parsed_idet_2 @ 0x11039f3e0] Repeated Field:     neither, Single frame:         tff, Multi frame:         tff
[Parsed_idet_2 @ 0x11039f3e0] Repeated Field:     neither, Single frame:         tff, Multi frame:         tff
[Parsed_idet_2 @ 0x11039f3e0] Repeated Field:     neither, Single frame:         tff, Multi frame:         tff
[Parsed_idet_2 @ 0x11039f3e0] Repeated Field:     neither, Single frame:         tff, Multi frame:         tff
[Parsed_idet_2 @ 0x11039f3e0] Repeated Field:     neither, Single frame:         tff, Multi frame:         tff
[Parsed_idet_2 @ 0x11039f3e0] Repeated Field:     neither, Single frame:         tff, Multi frame:         tff
[Parsed_idet_2 @ 0x11039f3e0] Repeated Field:     neither, Single frame:         tff, Multi frame:         tff
[Parsed_idet_2 @ 0x11039f3e0] Repeated Field:     neither, Single frame:         tff, Multi frame:         tff
[Parsed_idet_2 @ 0x11039f3e0] Repeated Field:     neither, Single frame:         tff, Multi frame:         tff
[Parsed_idet_2 @ 0x11039f3e0] Repeated Field:     neither, Single frame:         tff, Multi frame:         tff
[Parsed_idet_2 @ 0x11039f3e0] Repeated Field:     neither, Single frame:         tff, Multi frame:         tff
[Parsed_idet_2 @ 0x11039f3e0] Repeated Field:     neither, Single frame:         tff, Multi frame:         tff
[Parsed_idet_2 @ 0x11039f3e0] Repeated Field:     neither, Single frame:         tff, Multi frame:         tff
[Parsed_idet_2 @ 0x11039f3e0] Repeated Field:     neither, Single frame:         tff, Multi frame:         tff
[Parsed_idet_2 @ 0x11039f3e0] Repeated Field:     neither, Single frame:         tff, Multi frame:         tff
[Parsed_idet_2 @ 0x11039f3e0] Repeated Field:     neither, Single frame:         tff, Multi frame:         tff
[Parsed_idet_2 @ 0x11039f3e0] Repeated Field:     neither, Single frame:         tff, Multi frame:         tff
[Parsed_idet_2 @ 0x11039f3e0] Repeated Field:     neither, Single frame:         tff, Multi frame:         tff
[Parsed_idet_2 @ 0x11039f3e0] Repeated Field:     neither, Single frame:         tff, Multi frame:         tff
[Parsed_idet_2 @ 0x11039f3e0] Repeated Field:     neither, Single frame:         tff, Multi frame:         tff
[Parsed_idet_2 @ 0x11039f3e0] Repeated Field:     neither, Single frame:         tff, Multi frame:         tff
[Parsed_idet_2 @ 0x11039f3e0] Repeated Field:     neither, Single frame:         tff, Multi frame:         tff
[Parsed_idet_2 @ 0x11039f3e0] Repeated Field:     neither, Single frame:         tff, Multi frame:         tff
[Parsed_idet_2 @ 0x11039f3e0] Repeated Field:     neither, Single frame:         tff, Multi frame:         tff
[Parsed_idet_2 @ 0x11039f3e0] Repeated Field:     neither, Single frame:         tff, Multi frame:         tff
[Parsed_idet_2 @ 0x11039f3e0] Repeated Field:     neither, Single frame:         tff, Multi frame:         tff
[Parsed_idet_2 @ 0x11039f3e0] Repeated Field:     neither, Single frame:         tff, Multi frame:         tff
[Parsed_idet_2 @ 0x11039f3e0] Repeated Field:     neither, Single frame:         tff, Multi frame:         tff
[Parsed_idet_2 @ 0x11039f3e0] Repeated Field:     neither, Single frame:         tff, Multi frame:         tff
[Parsed_idet_2 @ 0x11039f3e0] Repeated Field:     neither, Single frame:         tff, Multi frame:         tff
[Parsed_idet_2 @ 0x11039f3e0] Repeated Field:     neither, Single frame:         tff, Multi frame:         tff
[Parsed_idet_2 @ 0x11039f3e0] Repeated Field:     neither, Single frame:         tff, Multi frame:         tff
[Parsed_idet_2 @ 0x11039f3e0] Repeated Field:     neither, Single frame:         tff, Multi frame:         tff
[Parsed_idet_2 @ 0x11039f3e0] Repeated Field:     neither, Single frame:         tff, Multi frame:         tff
[Parsed_idet_2 @ 0x11039f3e0] Repeated Field:     neither, Single frame:         tff, Multi frame:         tff
[Parsed_idet_2 @ 0x11039f3e0] Repeated Field:     neither, Single frame:         tff, Multi frame:         tff
[Parsed_idet_2 @ 0x11039f3e0] Repeated Field:     neither, Single frame:         tff, Multi frame:         tff
[Parsed_idet_2 @ 0x11039f3e0] Repeated Field:     neither, Single frame:         tff, Multi frame:         tff
[Parsed_idet_2 @ 0x11039f3e0] Repeated Field:     neither, Single frame:         tff, Multi frame:         tff
[Parsed_idet_2 @ 0x11039f3e0] Repeated Field:     neither, Single frame:         tff, Multi frame:         tff
[Parsed_idet_2 @ 0x11039f3e0] Repeated Field:     neither, Single frame:         tff, Multi frame:         tff
[Parsed_idet_2 @ 0x11039f3e0] Repeated Field:     neither, Single frame:         tff, Multi frame:         tff
[Parsed_idet_2 @ 0x11039f3e0] Repeated Field:     neither, Single frame:         tff, Multi frame:         tff
[Parsed_idet_2 @ 0x11039f3e0] Repeated Field:     neither, Single frame:         tff, Multi frame:         tff
[Parsed_idet_2 @ 0x11039f3e0] Repeated Field:     neither, Single frame:         tff, Multi frame:         tff
[Parsed_idet_2 @ 0x11039f3e0] Repeated Field:     neither, Single frame:         tff, Multi frame:         tff
[Parsed_idet_2 @ 0x11039f3e0] Repeated Field:     neither, Single frame:         tff, Multi frame:         tff
[Parsed_idet_2 @ 0x11039f3e0] Repeated Field:     neither, Single frame:         tff, Multi frame:         tff
[Parsed_idet_2 @ 0x11039f3e0] Repeated Field:     neither, Single frame:         tff, Multi frame:         tff
[Parsed_idet_2 @ 0x11039f3e0] Repeated Field:     neither, Single frame:         tff, Multi frame:         tff
[Parsed_idet_2 @ 0x11039f3e0] Repeated Field:     neither, Single frame:         tff, Multi frame:         tff
[Parsed_idet_2 @ 0x11039f3e0] Repeated Field:     neither, Single frame:         tff, Multi frame:         tff
[Parsed_idet_2 @ 0x11039f3e0] Repeated Field:     neither, Single frame:         tff, Multi frame:         tff
[Parsed_idet_2 @ 0x11039f3e0] Repeated Field:     neither, Single frame:         tff, Multi frame:         tff
[Parsed_idet_2 @ 0x11039f3e0] Repeated Field:     neither, Single frame:         tff, Multi frame:         tff
[Parsed_idet_2 @ 0x11039f3e0] Repeated Field:     neither, Single frame:         tff, Multi frame:         tff
[Parsed_idet_2 @ 0x11039f3e0] Repeated Field:     neither, Single frame:         tff, Multi frame:         tff
[Parsed_idet_2 @ 0x11039f3e0] Repeated Field:     neither, Single frame:         tff, Multi frame:         tff
[Parsed_idet_2 @ 0x11039f3e0] Repeated Field:     neither, Single frame:         tff, Multi frame:         tff
[Parsed_idet_2 @ 0x11039f3e0] Repeated Field:     neither, Single frame:         tff, Multi frame:         tff
[Parsed_idet_2 @ 0x11039f3e0] Repeated Field:     neither, Single frame:         tff, Multi frame:         tff
[Parsed_idet_2 @ 0x11039f3e0] Repeated Field:     neither, Single frame:         tff, Multi frame:         tff
[Parsed_idet_2 @ 0x11039f3e0] Repeated Field:     neither, Single frame:         tff, Multi frame:         tff
[Parsed_idet_2 @ 0x11039f3e0] Repeated Field:     neither, Single frame:         tff, Multi frame:         tff
[Parsed_idet_2 @ 0x11039f3e0] Repeated Field:     neither, Single frame:         tff, Multi frame:         tff
[Parsed_idet_2 @ 0x11039f3e0] Repeated Field:     neither, Single frame:         tff, Multi frame:         tff
[Parsed_idet_2 @ 0x11039f3e0] Repeated Field:     neither, Single frame:         tff, Multi frame:         tff
[Parsed_idet_2 @ 0x11039f3e0] Repeated Field:     neither, Single frame:         tff, Multi frame:         tff
[Parsed_idet_2 @ 0x11039f3e0] Repeated Field:     neither, Single frame:         tff, Multi frame:         tff
[Parsed_idet_2 @ 0x11039f3e0] Repeated Field:     neither, Single frame:         tff, Multi frame:         tff
[Parsed_idet_2 @ 0x11039f3e0] Repeated Field:     neither, Single frame:         tff, Multi frame:         tff
[Parsed_idet_2 @ 0x11039f3e0] Repeated Field:     neither, Single frame:         tff, Multi frame:         tff
[Parsed_idet_2 @ 0x11039f3e0] Repeated Field:     neither, Single frame:         tff, Multi frame:         tff
[Parsed_idet_2 @ 0x11039f3e0] Repeated Field:     neither, Single frame:         tff, Multi frame:         tff
[Parsed_idet_2 @ 0x11039f3e0] Repeated Field:     neither, Single frame:         tff, Multi frame:         tff
[Parsed_idet_2 @ 0x11039f3e0] Repeated Field:     neither, Single frame:         tff, Multi frame:         tff
[Parsed_idet_2 @ 0x11039f3e0] Repeated Field:     neither, Single frame:         tff, Multi frame:         tff
[Parsed_idet_2 @ 0x11039f3e0] Repeated Field:     neither, Single frame:         tff, Multi frame:         tff
[Parsed_idet_2 @ 0x11039f3e0] Repeated Field:     neither, Single frame:         tff, Multi frame:         tff
[Parsed_idet_2 @ 0x11039f3e0] Repeated Field:     neither, Single frame:         tff, Multi frame:         tff
[Parsed_idet_2 @ 0x11039f3e0] Repeated Field:     neither, Single frame:         tff, Multi frame:         tff
[Parsed_idet_2 @ 0x11039f3e0] Repeated Field:     neither, Single frame:         tff, Multi frame:         tff
[Parsed_idet_2 @ 0x11039f3e0] Repeated Field:     neither, Single frame:         tff, Multi frame:         tff
[Parsed_idet_2 @ 0x11039f3e0] Repeated Field:     neither, Single frame:         tff, Multi frame:         tff
[Parsed_idet_2 @ 0x11039f3e0] Repeated Field:     neither, Single frame:         tff, Multi frame:         tff
[Parsed_idet_2 @ 0x11039f3e0] Repeated Field:     neither, Single frame:         tff, Multi frame:         tff
[Parsed_idet_2 @ 0x11039f3e0] Repeated Field:     neither, Single frame:         tff, Multi frame:         tff
[Parsed_idet_2 @ 0x11039f3e0] Repeated Field:     neither, Single frame:         tff, Multi frame:         tff
[Parsed_idet_2 @ 0x11039f3e0] Repeated Field:     neither, Single frame:         tff, Multi frame:         tff
[Parsed_idet_2 @ 0x11039f3e0] Repeated Field:     neither, Single frame:         tff, Multi frame:         tff
[Parsed_idet_2 @ 0x11039f3e0] Repeated Field:     neither, Single frame:         tff, Multi frame:         tff
[Parsed_idet_2 @ 0x11039f3e0] Repeated Field:     neither, Single frame:         tff, Multi frame:         tff
[Parsed_idet_2 @ 0x11039f3e0] Repeated Field:     neither, Single frame:         tff, Multi frame:         tff
[Parsed_idet_2 @ 0x11039f3e0] Repeated Field:     neither, Single frame:         tff, Multi frame:         tff
[Parsed_idet_2 @ 0x11039f3e0] Repeated Field:     neither, Single frame:         tff, Multi frame:         tff
[Parsed_idet_2 @ 0x11039f3e0] Repeated Field:     neither, Single frame:         tff, Multi frame:         tff
[Parsed_idet_2 @ 0x11039f3e0] Repeated Field:     neither, Single frame:         tff, Multi frame:         tff
[Parsed_idet_2 @ 0x11039f3e0] Repeated Field:     neither, Single frame:         tff, Multi frame:         tff
[Parsed_idet_2 @ 0x11039f3e0] Repeated Field:     neither, Single frame:         tff, Multi frame:         tff
[Parsed_idet_2 @ 0x11039f3e0] Repeated Field:     neither, Single frame:         tff, Multi frame:         tff
[Parsed_idet_2 @ 0x11039f3e0] Repeated Field:     neither, Single frame:         tff, Multi frame:         tff
[Parsed_idet_2 @ 0x11039f3e0] Repeated Field:     neither, Single frame:         tff, Multi frame:         tff
[Parsed_idet_2 @ 0x11039f3e0] Repeated Field:     neither, Single frame:         tff, Multi frame:         tff
[Parsed_idet_2 @ 0x11039f3e0] Repeated Field:     neither, Single frame:         tff, Multi frame:         tff
[Parsed_idet_2 @ 0x11039f3e0] Repeated Field:     neither, Single frame:         tff, Multi frame:         tff
[Parsed_idet_2 @ 0x11039f3e0] Repeated Field:     neither, Single frame:         tff, Multi frame:         tff
[Parsed_idet_2 @ 0x11039f3e0] Repeated Field:     neither, Single frame:         tff, Multi frame:         tff
[Parsed_idet_2 @ 0x11039f3e0] Repeated Field:     neither, Single frame:         tff, Multi frame:         tff
[Parsed_idet_2 @ 0x11039f3e0] Repeated Field:     neither, Single frame:         tff, Multi frame:         tff
[Parsed_idet_2 @ 0x11039f3e0] Repeated Field:     neither, Single frame:         tff, Multi frame:         tff
[Parsed_idet_2 @ 0x11039f3e0] Repeated Field:     neither, Single frame:         tff, Multi frame:         tff
[Parsed_idet_2 @ 0x11039f3e0] Repeated Field:     neither, Single frame:         tff, Multi frame:         tff
[Parsed_idet_2 @ 0x11039f3e0] Repeated Field:     neither, Single frame:         tff, Multi frame:         tff
[Parsed_idet_2 @ 0x11039f3e0] Repeated Field:     neither, Single frame:         tff, Multi frame:         tff
[Parsed_idet_2 @ 0x11039f3e0] Repeated Field:     neither, Single frame:         tff, Multi frame:         tff
[Parsed_idet_2 @ 0x11039f3e0] Repeated Field:     neither, Single frame:         tff, Multi frame:         tff
[Parsed_idet_2 @ 0x11039f3e0] Repeated Field:     neither, Single frame:         tff, Multi frame:         tff
[Parsed_idet_2 @ 0x11039f3e0] Repeated Field:     neither, Single frame:         tff, Multi frame:         tff
[Parsed_idet_2 @ 0x11039f3e0] Repeated Field:     neither, Single frame:         tff, Multi frame:         tff
[Parsed_idet_2 @ 0x11039f3e0] Repeated Field:     neither, Single frame:         tff, Multi frame:         tff
[Parsed_idet_2 @ 0x11039f3e0] Repeated Field:     neither, Single frame:         tff, Multi frame:         tff
[Parsed_idet_2 @ 0x11039f3e0] Repeated Field:     neither, Single frame:         tff, Multi frame:         tff
[Parsed_idet_2 @ 0x11039f3e0] Repeated Field:     neither, Single frame:         tff, Multi frame:         tff
[Parsed_idet_2 @ 0x11039f3e0] Repeated Field:     neither, Single frame:         tff, Multi frame:         tff
[Parsed_idet_2 @ 0x11039f3e0] Repeated Field:     neither, Single frame:         tff, Multi frame:         tff
[Parsed_idet_2 @ 0x11039f3e0] Repeated Field:     neither, Single frame:         tff, Multi frame:         tff
[Parsed_idet_2 @ 0x11039f3e0] Repeated Field:     neither, Single frame:         tff, Multi frame:         tff
[Parsed_idet_2 @ 0x11039f3e0] Repeated Field:     neither, Single frame:         tff, Multi frame:         tff
[Parsed_idet_2 @ 0x11039f3e0] Repeated Field:     neither, Single frame:         tff, Multi frame:         tff
[Parsed_idet_2 @ 0x11039f3e0] Repeated Field:     neither, Single frame:         tff, Multi frame:         tff
[Parsed_idet_2 @ 0x11039f3e0] Repeated Field:     neither, Single frame:         tff, Multi frame:         tff
[Parsed_idet_2 @ 0x11039f3e0] Repeated Field:     neither, Single frame:         tff, Multi frame:         tff
[Parsed_idet_2 @ 0x11039f3e0] Repeated Field:     neither, Single frame:         tff, Multi frame:         tff
[Parsed_idet_2 @ 0x11039f3e0] Repeated Field:     neither, Single frame:         tff, Multi frame:         tff
[Parsed_idet_2 @ 0x11039f3e0] Repeated Field:     neither, Single frame:         tff, Multi frame:         tff
[Parsed_idet_2 @ 0x11039f3e0] Repeated Field:     neither, Single frame:         tff, Multi frame:         tff
[Parsed_idet_2 @ 0x11039f3e0] Repeated Field:     neither, Single frame:         tff, Multi frame:         tff
[Parsed_idet_2 @ 0x11039f3e0] Repeated Field:     neither, Single frame:         tff, Multi frame:         tff
[Parsed_idet_2 @ 0x11039f3e0] Repeated Field:     neither, Single frame:         tff, Multi frame:         tff
[Parsed_idet_2 @ 0x11039f3e0] Repeated Field:     neither, Single frame:         tff, Multi frame:         tff
[Parsed_idet_2 @ 0x11039f3e0] Repeated Field:     neither, Single frame:         tff, Multi frame:         tff
[Parsed_idet_2 @ 0x11039f3e0] Repeated Field:     neither, Single frame:         tff, Multi frame:         tff
[Parsed_idet_2 @ 0x11039f3e0] Repeated Field:     neither, Single frame:         tff, Multi frame:         tff
[Parsed_idet_2 @ 0x11039f3e0] Repeated Field:     neither, Single frame:         tff, Multi frame:         tff
[Parsed_idet_2 @ 0x11039f3e0] Repeated Field:     neither, Single frame:         tff, Multi frame:         tff
[Parsed_idet_2 @ 0x11039f3e0] Repeated Field:     neither, Single frame:         tff, Multi frame:         tff
[Parsed_idet_2 @ 0x11039f3e0] Repeated Field:     neither, Single frame:         tff, Multi frame:         tff
[Parsed_idet_2 @ 0x11039f3e0] Repeated Field:     neither, Single frame:         tff, Multi frame:         tff
[Parsed_idet_2 @ 0x11039f3e0] Repeated Field:     neither, Single frame:         tff, Multi frame:         tff
[Parsed_idet_2 @ 0x11039f3e0] Repeated Field:     neither, Single frame:         tff, Multi frame:         tff
[Parsed_idet_2 @ 0x11039f3e0] Repeated Field:     neither, Single frame:         tff, Multi frame:         tff
[Parsed_idet_2 @ 0x11039f3e0] Repeated Field:     neither, Single frame:         tff, Multi frame:         tff
[Parsed_idet_2 @ 0x11039f3e0] Repeated Field:     neither, Single frame:         tff, Multi frame:         tff
[Parsed_idet_2 @ 0x11039f3e0] Repeated Field:     neither, Single frame:         tff, Multi frame:         tff
[Parsed_idet_2 @ 0x11039f3e0] Repeated Field:     neither, Single frame:         tff, Multi frame:         tff
[Parsed_idet_2 @ 0x11039f3e0] Repeated Field:     neither, Single frame:         tff, Multi frame:         tff
[Parsed_idet_2 @ 0x11039f3e0] Repeated Field:     neither, Single frame:         tff, Multi frame:         tff
[Parsed_idet_2 @ 0x11039f3e0] Repeated Field:     neither, Single frame:         tff, Multi frame:         tff
[Parsed_idet_2 @ 0x11039f3e0] Repeated Field:     neither, Single frame:         tff, Multi frame:         tff
[Parsed_idet_2 @ 0x11039f3e0] Repeated Field:     neither, Single frame:         tff, Multi frame:         tff
[Parsed_idet_2 @ 0x11039f3e0] Repeated Field:     neither, Single frame:         tff, Multi frame:         tff
[Parsed_idet_2 @ 0x11039f3e0] Repeated Field:     neither, Single frame:         tff, Multi frame:         tff
[Parsed_idet_2 @ 0x11039f3e0] Repeated Field:     neither, Single frame:         tff, Multi frame:         tff
[Parsed_idet_2 @ 0x11039f3e0] Repeated Field:     neither, Single frame:         tff, Multi frame:         tff
[Parsed_idet_2 @ 0x11039f3e0] Repeated Field:     neither, Single frame:         tff, Multi frame:         tff
[Parsed_idet_2 @ 0x11039f3e0] Repeated Field:     neither, Single frame:         tff, Multi frame:         tff
[Parsed_idet_2 @ 0x11039f3e0] Repeated Field:     neither, Single frame:         tff, Multi frame:         tff
[Parsed_idet_2 @ 0x11039f3e0] Repeated Field:     neither, Single frame:         tff, Multi frame:         tff
[Parsed_idet_2 @ 0x11039f3e0] Repeated Field:     neither, Single frame:         tff, Multi frame:         tff
[Parsed_idet_2 @ 0x11039f3e0] Repeated Field:     neither, Single frame:         tff, Multi frame:         tff
[Parsed_idet_2 @ 0x11039f3e0] Repeated Field:     neither, Single frame:         tff, Multi frame:         tff
[Parsed_idet_2 @ 0x11039f3e0] Repeated Field:     neither, Single frame:         tff, Multi frame:         tff
[Parsed_idet_2 @ 0x11039f3e0] Repeated Field:     neither, Single frame:         tff, Multi frame:         tff
[Parsed_idet_2 @ 0x11039f3e0] Repeated Field:     neither, Single frame:         tff, Multi frame:         tff
[Parsed_idet_2 @ 0x11039f3e0] Repeated Field:     neither, Single frame:         tff, Multi frame:         tff
[Parsed_idet_2 @ 0x11039f3e0] Repeated Field:     neither, Single frame:         tff, Multi frame:         tff
[Parsed_idet_2 @ 0x11039f3e0] Repeated Field:     neither, Single frame:         tff, Multi frame:         tff
[Parsed_idet_2 @ 0x11039f3e0] Repeated Field:     neither, Single frame:         tff, Multi frame:         tff
[Parsed_idet_2 @ 0x11039f3e0] Repeated Field:     neither, Single frame:         tff, Multi frame:         tff
[Parsed_idet_2 @ 0x11039f3e0] Repeated Field:     neither, Single frame:         tff, Multi frame:         tff
[Parsed_idet_2 @ 0x11039f3e0] Repeated Field:     neither, Single frame:         tff, Multi frame:         tff
[Parsed_idet_2 @ 0x11039f3e0] Repeated Field:     neither, Single frame:         tff, Multi frame:         tff
[Parsed_idet_2 @ 0x11039f3e0] Repeated Field:     neither, Single frame:         tff, Multi frame:         tff
[Parsed_idet_2 @ 0x11039f3e0] Repeated Field:     neither, Single frame:         tff, Multi frame:         tff
[Parsed_idet_2 @ 0x11039f3e0] Repeated Field:     neither, Single frame:         tff, Multi frame:         tff
[Parsed_idet_2 @ 0x11039f3e0] Repeated Field:     neither, Single frame:         tff, Multi frame:         tff
[Parsed_idet_2 @ 0x11039f3e0] Repeated Field:     neither, Single frame:         tff, Multi frame:         tff
[Parsed_idet_2 @ 0x11039f3e0] Repeated Field:     neither, Single frame:         tff, Multi frame:         tff
[Parsed_idet_2 @ 0x11039f3e0] Repeated Field:     neither, Single frame:         tff, Multi frame:         tff
[Parsed_idet_2 @ 0x11039f3e0] Repeated Field:     neither, Single frame:         tff, Multi frame:         tff
[Parsed_idet_2 @ 0x11039f3e0] Repeated Field:     neither, Single frame:         tff, Multi frame:         tff
[Parsed_idet_2 @ 0x11039f3e0] Repeated Field:     neither, Single frame:         tff, Multi frame:         tff
[Parsed_idet_2 @ 0x11039f3e0] Repeated Field:     neither, Single frame:         tff, Multi frame:         tff
[Parsed_idet_2 @ 0x11039f3e0] Repeated Field:     neither, Single frame:         tff, Multi frame:         tff
[Parsed_idet_2 @ 0x11039f3e0] Repeated Field:     neither, Single frame:         tff, Multi frame:         tff
[Parsed_idet_2 @ 0x11039f3e0] Repeated Field:     neither, Single frame:         tff, Multi frame:         tff
[Parsed_idet_2 @ 0x11039f3e0] Repeated Field:     neither, Single frame:         tff, Multi frame:         tff
[Parsed_idet_2 @ 0x11039f3e0] Repeated Field:     neither, Single frame:         tff, Multi frame:         tff
[Parsed_idet_2 @ 0x11039f3e0] Repeated Field:     neither, Single frame:         tff, Multi frame:         tff
[Parsed_idet_2 @ 0x11039f3e0] Repeated Field:     neither, Single frame:         tff, Multi frame:         tff
[Parsed_idet_2 @ 0x11039f3e0] Repeated Field:     neither, Single frame:         tff, Multi frame:         tff
[Parsed_idet_2 @ 0x11039f3e0] Repeated Field:     neither, Single frame:         tff, Multi frame:         tff
[Parsed_idet_2 @ 0x11039f3e0] Repeated Field:     neither, Single frame:         tff, Multi frame:         tff
[Parsed_idet_2 @ 0x11039f3e0] Repeated Field:     neither, Single frame:         tff, Multi frame:         tff
[Parsed_idet_2 @ 0x11039f3e0] Repeated Field:     neither, Single frame:         tff, Multi frame:         tff
[Parsed_idet_2 @ 0x11039f3e0] Repeated Field:     neither, Single frame:         tff, Multi frame:         tff
[Parsed_idet_2 @ 0x11039f3e0] Repeated Field:     neither, Single frame:         tff, Multi frame:         tff
[Parsed_idet_2 @ 0x11039f3e0] Repeated Field:     neither, Single frame:         tff, Multi frame:         tff
[Parsed_idet_2 @ 0x11039f3e0] Repeated Field:     neither, Single frame:         tff, Multi frame:         tff
[Parsed_idet_2 @ 0x11039f3e0] Repeated Field:     neither, Single frame:         tff, Multi frame:         tff
[Parsed_idet_2 @ 0x11039f3e0] Repeated Field:     neither, Single frame:         tff, Multi frame:         tff
[Parsed_idet_2 @ 0x11039f3e0] Repeated Field:     neither, Single frame:         tff, Multi frame:         tff
[Parsed_idet_2 @ 0x11039f3e0] Repeated Field:     neither, Single frame:         tff, Multi frame:         tff
[Parsed_idet_2 @ 0x11039f3e0] Repeated Field:     neither, Single frame:         tff, Multi frame:         tff
[Parsed_idet_2 @ 0x11039f3e0] Repeated Field:     neither, Single frame:         tff, Multi frame:         tff
[Parsed_idet_2 @ 0x11039f3e0] Repeated Field:     neither, Single frame:         tff, Multi frame:         tff
[Parsed_idet_2 @ 0x11039f3e0] Repeated Field:     neither, Single frame:         tff, Multi frame:         tff
[Parsed_idet_2 @ 0x11039f3e0] Repeated Field:     neither, Single frame:         tff, Multi frame:         tff
[Parsed_idet_2 @ 0x11039f3e0] Repeated Field:     neither, Single frame:         tff, Multi frame:         tff
[Parsed_idet_2 @ 0x11039f3e0] Repeated Field:     neither, Single frame:         tff, Multi frame:         tff
[Parsed_idet_2 @ 0x11039f3e0] Repeated Field:     neither, Single frame:         tff, Multi frame:         tff
[Parsed_idet_2 @ 0x11039f3e0] Repeated Field:     neither, Single frame:         tff, Multi frame:         tff
[Parsed_idet_2 @ 0x11039f3e0] Repeated Field:     neither, Single frame:         tff, Multi frame:         tff
[Parsed_idet_2 @ 0x11039f3e0] Repeated Field:     neither, Single frame:         tff, Multi frame:         tff
[Parsed_idet_2 @ 0x11039f3e0] Repeated Field:     neither, Single frame:         tff, Multi frame:         tff
[Parsed_idet_2 @ 0x11039f3e0] Repeated Field:     neither, Single frame:         tff, Multi frame:         tff
[Parsed_idet_2 @ 0x11039f3e0] Repeated Field:     neither, Single frame:         tff, Multi frame:         tff
[Parsed_idet_2 @ 0x11039f3e0] Repeated Field:     neither, Single frame:         tff, Multi frame:         tff
[Parsed_idet_2 @ 0x11039f3e0] Repeated Field:     neither, Single frame:         tff, Multi frame:         tff
[Parsed_idet_2 @ 0x11039f3e0] Repeated Field:     neither, Single frame:         tff, Multi frame:         tff
[Parsed_idet_2 @ 0x11039f3e0] Repeated Field:     neither, Single frame:         tff, Multi frame:         tff
[Parsed_idet_2 @ 0x11039f3e0] Repeated Field:     neither, Single frame:         tff, Multi frame:         tff
[Parsed_idet_2 @ 0x11039f3e0] Repeated Field:     neither, Single frame:         tff, Multi frame:         tff
[Parsed_idet_2 @ 0x11039f3e0] Repeated Field:     neither, Single frame:         tff, Multi frame:         tff
[Parsed_idet_2 @ 0x11039f3e0] Repeated Field:     neither, Single frame:         tff, Multi frame:         tff
[Parsed_idet_2 @ 0x11039f3e0] Repeated Field:     neither, Single frame:         tff, Multi frame:         tff
[Parsed_idet_2 @ 0x11039f3e0] Repeated Field:     neither, Single frame:         tff, Multi frame:         tff
[Parsed_idet_2 @ 0x11039f3e0] Repeated Field:     neither, Single frame:         tff, Multi frame:         tff
[Parsed_idet_2 @ 0x11039f3e0] Repeated Field:     neither, Single frame:         tff, Multi frame:         tff
[Parsed_idet_2 @ 0x11039f3e0] Repeated Field:     neither, Single frame:         tff, Multi frame:         tff
[Parsed_idet_2 @ 0x11039f3e0] Repeated Field:     neither, Single frame:         tff, Multi frame:         tff
[Parsed_idet_2 @ 0x11039f3e0] Repeated Field:     neither, Single frame:         tff, Multi frame:         tff
[Parsed_idet_2 @ 0x11039f3e0] Repeated Field:     neither, Single frame:         tff, Multi frame:         tff
[Parsed_idet_2 @ 0x11039f3e0] Repeated Field:     neither, Single frame:         tff, Multi frame:         tff
[Parsed_idet_2 @ 0x11039f3e0] Repeated Field:     neither, Single frame:         tff, Multi frame:         tff
[Parsed_idet_2 @ 0x11039f3e0] Repeated Field:     neither, Single frame:         tff, Multi frame:         tff
[Parsed_idet_2 @ 0x11039f3e0] Repeated Field:     neither, Single frame:         tff, Multi frame:         tff
[Parsed_idet_2 @ 0x11039f3e0] Repeated Field:     neither, Single frame:         tff, Multi frame:         tff
[Parsed_idet_2 @ 0x11039f3e0] Repeated Field:     neither, Single frame:         tff, Multi frame:         tff
[Parsed_idet_2 @ 0x11039f3e0] Repeated Field:     neither, Single frame:         tff, Multi frame:         tff
[Parsed_idet_2 @ 0x11039f3e0] Repeated Field:     neither, Single frame:         tff, Multi frame:         tff
[Parsed_idet_2 @ 0x11039f3e0] Repeated Field:     neither, Single frame:         tff, Multi frame:         tff
[Parsed_idet_2 @ 0x11039f3e0] Repeated Field:     neither, Single frame:         tff, Multi frame:         tff
[Parsed_idet_2 @ 0x11039f3e0] Repeated Field:     neither, Single frame:         tff, Multi frame:         tff
[Parsed_idet_2 @ 0x11039f3e0] Repeated Field:     neither, Single frame:         tff, Multi frame:         tff
[Parsed_idet_2 @ 0x11039f3e0] Repeated Field:     neither, Single frame:         tff, Multi frame:         tff
[Parsed_idet_2 @ 0x11039f3e0] Repeated Field:     neither, Single frame:         tff, Multi frame:         tff
[Parsed_idet_2 @ 0x11039f3e0] Repeated Field:     neither, Single frame:         tff, Multi frame:         tff
[Parsed_idet_2 @ 0x11039f3e0] Repeated Field:     neither, Single frame:         tff, Multi frame:         tff
[Parsed_idet_2 @ 0x11039f3e0] Repeated Field:     neither, Single frame:         tff, Multi frame:         tff
[Parsed_idet_2 @ 0x11039f3e0] Repeated Field:     neither, Single frame:         tff, Multi frame:         tff
[Parsed_idet_2 @ 0x11039f3e0] Repeated Field:     neither, Single frame:         tff, Multi frame:         tff
[Parsed_idet_2 @ 0x11039f3e0] Repeated Field:     neither, Single frame:         tff, Multi frame:         tff
[Parsed_idet_2 @ 0x11039f3e0] Repeated Field:     neither, Single frame:         tff, Multi frame:         tff
[Parsed_idet_2 @ 0x11039f3e0] Repeated Field:     neither, Single frame:         tff, Multi frame:         tff
[Parsed_idet_2 @ 0x11039f3e0] Repeated Field:     neither, Single frame:         tff, Multi frame:         tff
[Parsed_idet_2 @ 0x11039f3e0] Repeated Field:     neither, Single frame:         tff, Multi frame:         tff
[Parsed_idet_2 @ 0x11039f3e0] Repeated Field:     neither, Single frame:         tff, Multi frame:         tff
[Parsed_idet_2 @ 0x11039f3e0] Repeated Field:     neither, Single frame:         tff, Multi frame:         tff
[Parsed_idet_2 @ 0x11039f3e0] Repeated Field:     neither, Single frame:         tff, Multi frame:         tff
[Parsed_idet_2 @ 0x11039f3e0] Repeated Field:     neither, Single frame:         tff, Multi frame:         tff
[Parsed_idet_2 @ 0x11039f3e0] Repeated Field:     neither, Single frame:         tff, Multi frame:         tff
[Parsed_idet_2 @ 0x11039f3e0] Repeated Field:     neither, Single frame:         tff, Multi frame:         tff
[Parsed_idet_2 @ 0x11039f3e0] Repeated Field:     neither, Single frame:         tff, Multi frame:         tff
[Parsed_idet_2 @ 0x11039f3e0] Repeated Field:     neither, Single frame:         tff, Multi frame:         tff
[Parsed_idet_2 @ 0x11039f3e0] Repeated Field:     neither, Single frame:         tff, Multi frame:         tff
[Parsed_idet_2 @ 0x11039f3e0] Repeated Field:     neither, Single frame:         tff, Multi frame:         tff
[Parsed_idet_2 @ 0x11039f3e0] Repeated Field:     neither, Single frame:         tff, Multi frame:         tff
[Parsed_idet_2 @ 0x11039f3e0] Repeated Field:     neither, Single frame:         tff, Multi frame:         tff
[Parsed_idet_2 @ 0x11039f3e0] Repeated Field:     neither, Single frame:         tff, Multi frame:         tff
[Parsed_idet_2 @ 0x11039f3e0] Repeated Field:     neither, Single frame:         tff, Multi frame:         tff
[Parsed_idet_2 @ 0x11039f3e0] Repeated Field:     neither, Single frame:         tff, Multi frame:         tff
[Parsed_idet_2 @ 0x11039f3e0] Repeated Field:     neither, Single frame:         tff, Multi frame:         tff
[Parsed_idet_2 @ 0x11039f3e0] Repeated Field:     neither, Single frame:         tff, Multi frame:         tff
[Parsed_idet_2 @ 0x11039f3e0] Repeated Field:     neither, Single frame:         tff, Multi frame:         tff
[Parsed_idet_2 @ 0x11039f3e0] Repeated Field:     neither, Single frame:         tff, Multi frame:         tff
[Parsed_idet_2 @ 0x11039f3e0] Repeated Field:     neither, Single frame:         tff, Multi frame:         tff
[Parsed_idet_2 @ 0x11039f3e0] Repeated Field:     neither, Single frame:         tff, Multi frame:         tff
[Parsed_idet_2 @ 0x11039f3e0] Repeated Field:     neither, Single frame:         tff, Multi frame:         tff
[Parsed_idet_2 @ 0x11039f3e0] Repeated Field:     neither, Single frame:         tff, Multi frame:         tff
[Parsed_idet_2 @ 0x11039f3e0] Repeated Field:     neither, Single frame:         tff, Multi frame:         tff
[Parsed_idet_2 @ 0x11039f3e0] Repeated Field:     neither, Single frame:         tff, Multi frame:         tff
[Parsed_idet_2 @ 0x11039f3e0] Repeated Field:     neither, Single frame:         tff, Multi frame:         tff
[Parsed_idet_2 @ 0x11039f3e0] Repeated Field:     neither, Single frame:         tff, Multi frame:         tff
[Parsed_idet_2 @ 0x11039f3e0] Repeated Field:     neither, Single frame:         tff, Multi frame:         tff
[Parsed_idet_2 @ 0x11039f3e0] Repeated Field:     neither, Single frame:         tff, Multi frame:         tff
[Parsed_idet_2 @ 0x11039f3e0] Repeated Field:     neither, Single frame:         tff, Multi frame:         tff
[Parsed_idet_2 @ 0x11039f3e0] Repeated Field:     neither, Single frame:         tff, Multi frame:         tff
[Parsed_idet_2 @ 0x11039f3e0] Repeated Field:     neither, Single frame:         tff, Multi frame:         tff
[Parsed_idet_2 @ 0x11039f3e0] Repeated Field:     neither, Single frame:         tff, Multi frame:         tff
[Parsed_idet_2 @ 0x11039f3e0] Repeated Field:     neither, Single frame:         tff, Multi frame:         tff
[Parsed_idet_2 @ 0x11039f3e0] Repeated Field:     neither, Single frame:         tff, Multi frame:         tff
[Parsed_idet_2 @ 0x11039f3e0] Repeated Field:     neither, Single frame:         tff, Multi frame:         tff
[Parsed_idet_2 @ 0x11039f3e0] Repeated Field:     neither, Single frame:         tff, Multi frame:         tff
[Parsed_idet_2 @ 0x11039f3e0] Repeated Field:     neither, Single frame:         tff, Multi frame:         tff
[Parsed_idet_2 @ 0x11039f3e0] Repeated Field:     neither, Single frame:         tff, Multi frame:         tff
[Parsed_idet_2 @ 0x11039f3e0] Repeated Field:     neither, Single frame:         tff, Multi frame:         tff
[Parsed_idet_2 @ 0x11039f3e0] Repeated Field:     neither, Single frame:         tff, Multi frame:         tff
[Parsed_idet_2 @ 0x11039f3e0] Repeated Field:     neither, Single frame:         tff, Multi frame:         tff
[Parsed_idet_2 @ 0x11039f3e0] Repeated Field:     neither, Single frame:         tff, Multi frame:         tff
[Parsed_idet_2 @ 0x11039f3e0] Repeated Field:     neither, Single frame:         tff, Multi frame:         tff
[Parsed_idet_2 @ 0x11039f3e0] Repeated Field:     neither, Single frame:         tff, Multi frame:         tff
[Parsed_idet_2 @ 0x11039f3e0] Repeated Field:     neither, Single frame:         tff, Multi frame:         tff
[Parsed_idet_2 @ 0x11039f3e0] Repeated Field:     neither, Single frame:         tff, Multi frame:         tff
[Parsed_idet_2 @ 0x11039f3e0] Repeated Field:     neither, Single frame:         tff, Multi frame:         tff
[Parsed_idet_2 @ 0x11039f3e0] Repeated Field:     neither, Single frame:         tff, Multi frame:         tff
[Parsed_idet_2 @ 0x11039f3e0] Repeated Field:     neither, Single frame:         tff, Multi frame:         tff
[Parsed_idet_2 @ 0x11039f3e0] Repeated Field:     neither, Single frame:         tff, Multi frame:         tff
[Parsed_idet_2 @ 0x11039f3e0] Repeated Field:     neither, Single frame:         tff, Multi frame:         tff
[Parsed_idet_2 @ 0x11039f3e0] Repeated Field:     neither, Single frame:         tff, Multi frame:         tff
[Parsed_idet_2 @ 0x11039f3e0] Repeated Field:     neither, Single frame:         tff, Multi frame:         tff
[Parsed_idet_2 @ 0x11039f3e0] Repeated Field:     neither, Single frame:         tff, Multi frame:         tff
[Parsed_idet_2 @ 0x11039f3e0] Repeated Field:     neither, Single frame:         tff, Multi frame:         tff
[Parsed_idet_2 @ 0x11039f3e0] Repeated Field:     neither, Single frame:         tff, Multi frame:         tff
[Parsed_idet_2 @ 0x11039f3e0] Repeated Field:     neither, Single frame:         tff, Multi frame:         tff
[Parsed_idet_2 @ 0x11039f3e0] Repeated Field:     neither, Single frame:         tff, Multi frame:         tff
[Parsed_idet_2 @ 0x11039f3e0] Repeated Field:     neither, Single frame:         tff, Multi frame:         tff
[Parsed_idet_2 @ 0x11039f3e0] Repeated Field:     neither, Single frame:         tff, Multi frame:         tff
[Parsed_idet_2 @ 0x11039f3e0] Repeated Field:     neither, Single frame:         tff, Multi frame:         tff
[Parsed_idet_2 @ 0x11039f3e0] Repeated Field:     neither, Single frame:         tff, Multi frame:         tff
[Parsed_idet_2 @ 0x11039f3e0] Repeated Field:     neither, Single frame:         tff, Multi frame:         tff
[Parsed_idet_2 @ 0x11039f3e0] Repeated Field:     neither, Single frame:         tff, Multi frame:         tff
[Parsed_idet_2 @ 0x11039f3e0] Repeated Field:     neither, Single frame:         tff, Multi frame:         tff
[Parsed_idet_2 @ 0x11039f3e0] Repeated Field:     neither, Single frame:         tff, Multi frame:         tff
[Parsed_idet_2 @ 0x11039f3e0] Repeated Field:     neither, Single frame:         tff, Multi frame:         tff
[Parsed_idet_2 @ 0x11039f3e0] Repeated Field:     neither, Single frame:         tff, Multi frame:         tff
[Parsed_idet_2 @ 0x11039f3e0] Repeated Field:     neither, Single frame:         tff, Multi frame:         tff
[Parsed_idet_2 @ 0x11039f3e0] Repeated Field:     neither, Single frame:         tff, Multi frame:         tff
[Parsed_idet_2 @ 0x11039f3e0] Repeated Field:     neither, Single frame:         tff, Multi frame:         tff
[Parsed_idet_2 @ 0x11039f3e0] Repeated Field:     neither, Single frame:         tff, Multi frame:         tff
[Parsed_idet_2 @ 0x11039f3e0] Repeated Field:     neither, Single frame:         tff, Multi frame:         tff
[Parsed_idet_2 @ 0x11039f3e0] Repeated Field:     neither, Single frame:         tff, Multi frame:         tff
[Parsed_idet_2 @ 0x11039f3e0] Repeated Field:     neither, Single frame:         tff, Multi frame:         tff
[Parsed_idet_2 @ 0x11039f3e0] Repeated Field:     neither, Single frame:         tff, Multi frame:         tff
[Parsed_idet_2 @ 0x11039f3e0] Repeated Field:     neither, Single frame:         tff, Multi frame:         tff
[Parsed_idet_2 @ 0x11039f3e0] Repeated Field:     neither, Single frame:         tff, Multi frame:         tff
[Parsed_idet_2 @ 0x11039f3e0] Repeated Field:     neither, Single frame:         tff, Multi frame:         tff
[Parsed_idet_2 @ 0x11039f3e0] Repeated Field:     neither, Single frame:         tff, Multi frame:         tff
[Parsed_idet_2 @ 0x11039f3e0] Repeated Field:     neither, Single frame:         tff, Multi frame:         tff
[Parsed_idet_2 @ 0x11039f3e0] Repeated Field:     neither, Single frame:         tff, Multi frame:         tff
[Parsed_idet_2 @ 0x11039f3e0] Repeated Field:     neither, Single frame:         tff, Multi frame:         tff
[Parsed_idet_2 @ 0x11039f3e0] Repeated Field:     neither, Single frame:         tff, Multi frame:         tff
[Parsed_idet_2 @ 0x11039f3e0] Repeated Field:     neither, Single frame:         tff, Multi frame:         tff
[Parsed_idet_2 @ 0x11039f3e0] Repeated Field:     neither, Single frame:         tff, Multi frame:         tff
[Parsed_idet_2 @ 0x11039f3e0] Repeated Field:     neither, Single frame:         tff, Multi frame:         tff
[Parsed_idet_2 @ 0x11039f3e0] Repeated Field:     neither, Single frame:         tff, Multi frame:         tff
[Parsed_idet_2 @ 0x11039f3e0] Repeated Field:     neither, Single frame:         tff, Multi frame:         tff
[Parsed_idet_2 @ 0x11039f3e0] Repeated Field:     neither, Single frame:         tff, Multi frame:         tff
[Parsed_idet_2 @ 0x11039f3e0] Repeated Field:     neither, Single frame:         tff, Multi frame:         tff
[Parsed_idet_2 @ 0x11039f3e0] Repeated Field:     neither, Single frame:         tff, Multi frame:         tff
[Parsed_idet_2 @ 0x11039f3e0] Repeated Field:     neither, Single frame:         tff, Multi frame:         tff
[Parsed_idet_2 @ 0x11039f3e0] Repeated Field:     neither, Single frame:         tff, Multi frame:         tff
[Parsed_idet_2 @ 0x11039f3e0] Repeated Field:     neither, Single frame:         tff, Multi frame:         tff
[Parsed_idet_2 @ 0x11039f3e0] Repeated Field:     neither, Single frame:         tff, Multi frame:         tff
[Parsed_idet_2 @ 0x11039f3e0] Repeated Field:     neither, Single frame:         tff, Multi frame:         tff
[Parsed_idet_2 @ 0x11039f3e0] Repeated Field:     neither, Single frame:         tff, Multi frame:         tff
[Parsed_idet_2 @ 0x11039f3e0] Repeated Field:     neither, Single frame:         tff, Multi frame:         tff
[Parsed_idet_2 @ 0x11039f3e0] Repeated Field:     neither, Single frame:         tff, Multi frame:         tff
[Parsed_idet_2 @ 0x11039f3e0] Repeated Field:     neither, Single frame:         tff, Multi frame:         tff
[Parsed_idet_2 @ 0x11039f3e0] Repeated Field:     neither, Single frame:         tff, Multi frame:         tff
[Parsed_idet_2 @ 0x11039f3e0] Repeated Field:     neither, Single frame:         tff, Multi frame:         tff
[Parsed_idet_2 @ 0x11039f3e0] Repeated Field:     neither, Single frame:         tff, Multi frame:         tff
[Parsed_idet_2 @ 0x11039f3e0] Repeated Field:     neither, Single frame:         tff, Multi frame:         tff
[Parsed_idet_2 @ 0x11039f3e0] Repeated Field:     neither, Single frame:         tff, Multi frame:         tff
[Parsed_idet_2 @ 0x11039f3e0] Repeated Field:     neither, Single frame:         tff, Multi frame:         tff
[Parsed_idet_2 @ 0x11039f3e0] Repeated Field:     neither, Single frame:         tff, Multi frame:         tff
[Parsed_idet_2 @ 0x11039f3e0] Repeated Field:     neither, Single frame:         tff, Multi frame:         tff
[Parsed_idet_2 @ 0x11039f3e0] Repeated Field:     neither, Single frame:         tff, Multi frame:         tff
[Parsed_idet_2 @ 0x11039f3e0] Repeated Field:     neither, Single frame:         tff, Multi frame:         tff
[Parsed_idet_2 @ 0x11039f3e0] Repeated Field:     neither, Single frame:         tff, Multi frame:         tff
[Parsed_idet_2 @ 0x11039f3e0] Repeated Field:     neither, Single frame:         tff, Multi frame:         tff
[Parsed_idet_2 @ 0x11039f3e0] Repeated Field:     neither, Single frame:         tff, Multi frame:         tff
[Parsed_idet_2 @ 0x11039f3e0] Repeated Field:     neither, Single frame:         tff, Multi frame:         tff
[Parsed_idet_2 @ 0x11039f3e0] Repeated Field:     neither, Single frame:         tff, Multi frame:         tff
[Parsed_idet_2 @ 0x11039f3e0] Repeated Field:     neither, Single frame:         tff, Multi frame:         tff
[Parsed_idet_2 @ 0x11039f3e0] Repeated Field:     neither, Single frame:         tff, Multi frame:         tff
[Parsed_idet_2 @ 0x11039f3e0] Repeated Field:     neither, Single frame:         tff, Multi frame:         tff
[Parsed_idet_2 @ 0x11039f3e0] Repeated Field:     neither, Single frame:         tff, Multi frame:         tff
[Parsed_idet_2 @ 0x11039f3e0] Repeated Field:     neither, Single frame:         tff, Multi frame:         tff
[Parsed_idet_2 @ 0x11039f3e0] Repeated Field:     neither, Single frame:         tff, Multi frame:         tff
[Parsed_idet_2 @ 0x11039f3e0] Repeated Field:     neither, Single frame:         tff, Multi frame:         tff
[Parsed_idet_2 @ 0x11039f3e0] Repeated Field:     neither, Single frame:         tff, Multi frame:         tff
[Parsed_idet_2 @ 0x11039f3e0] Repeated Field:     neither, Single frame:         tff, Multi frame:         tff
[Parsed_idet_2 @ 0x11039f3e0] Repeated Field:     neither, Single frame:         tff, Multi frame:         tff
[Parsed_idet_2 @ 0x11039f3e0] Repeated Field:     neither, Single frame:         tff, Multi frame:         tff
[Parsed_idet_2 @ 0x11039f3e0] Repeated Field:     neither, Single frame:         tff, Multi frame:         tff
[Parsed_idet_2 @ 0x11039f3e0] Repeated Field:     neither, Single frame:         tff, Multi frame:         tff
[Parsed_idet_2 @ 0x11039f3e0] Repeated Field:     neither, Single frame:         tff, Multi frame:         tff
[Parsed_idet_2 @ 0x11039f3e0] Repeated Field:     neither, Single frame:         tff, Multi frame:         tff
[Parsed_idet_2 @ 0x11039f3e0] Repeated Field:     neither, Single frame:         tff, Multi frame:         tff
[Parsed_idet_2 @ 0x11039f3e0] Repeated Field:     neither, Single frame:         tff, Multi frame:         tff
[Parsed_idet_2 @ 0x11039f3e0] Repeated Field:     neither, Single frame:         tff, Multi frame:         tff
[Parsed_idet_2 @ 0x11039f3e0] Repeated Field:     neither, Single frame:         tff, Multi frame:         tff
[Parsed_idet_2 @ 0x11039f3e0] Repeated Field:     neither, Single frame:         tff, Multi frame:         tff
[Parsed_idet_2 @ 0x11039f3e0] Repeated Field:     neither, Single frame:         tff, Multi frame:         tff
[Parsed_idet_2 @ 0x11039f3e0] Repeated Field:     neither, Single frame:         tff, Multi frame:         tff
[Parsed_idet_2 @ 0x11039f3e0] Repeated Field:     neither, Single frame:         tff, Multi frame:         tff
[Parsed_idet_2 @ 0x11039f3e0] Repeated Field:     neither, Single frame:         tff, Multi frame:         tff
[Parsed_idet_2 @ 0x11039f3e0] Repeated Field:     neither, Single frame:         tff, Multi frame:         tff
[Parsed_idet_2 @ 0x11039f3e0] Repeated Field:     neither, Single frame:         tff, Multi frame:         tff
[Parsed_idet_2 @ 0x11039f3e0] Repeated Field:     neither, Single frame:         tff, Multi frame:         tff
[Parsed_idet_2 @ 0x11039f3e0] Repeated Field:     neither, Single frame:         tff, Multi frame:         tff
[Parsed_idet_2 @ 0x11039f3e0] Repeated Field:     neither, Single frame:         tff, Multi frame:         tff
[Parsed_idet_2 @ 0x11039f3e0] Repeated Field:     neither, Single frame:         tff, Multi frame:         tff
[Parsed_idet_2 @ 0x11039f3e0] Repeated Field:     neither, Single frame:         tff, Multi frame:         tff
[Parsed_idet_2 @ 0x11039f3e0] Repeated Field:     neither, Single frame:         bff, Multi frame:         tff
[AVIOContext @ 0x11039fa00] Statistics: 5619352 bytes read, 2 seeks
[Parsed_idet_2 @ 0x11039f3e0] Repeated Fields: Neither:   450 Top:     0 Bottom:     0
[Parsed_idet_2 @ 0x11039f3e0] Single frame detection: TFF:   449 BFF:     1 Progressive:     0 Undetermined:     0
[Parsed_idet_2 @ 0x11039f3e0] Multi frame detection: TFF:   450 BFF:     0 Progressive:     0 Undetermined:     0
[AVIOContext @ 0x114a07a20] Statistics: 907138 bytes written, 0 seeks, 4 writeouts
